11:19:45 DEBUG: __main__ - download_all - 140312645539648 - MainThread - futures_list len: 2 
11:19:45 DEBUG: __main__ - download_all - 140312645539648 - MainThread - futures_list len: 3 
11:19:45 DEBUG: __main__ - download_all - 140312645539648 - MainThread - futures_list len: 4 
11:19:45 DEBUG: __main__ - download_all - 140312645539648 - MainThread - futures_list len: 5 
11:19:45 DEBUG: __main__ - download_all - 140312645539648 - MainThread - futures_list len: 6 
11:19:45 DEBUG: __main__ - download_all - 140312645539648 - MainThread - futures_list len: 7 
11:19:45 DEBUG: __main__ - download_all - 140312645539648 - MainThread - futures_list len: 8 
11:19:45 DEBUG: __main__ - download_all - 140312645539648 - MainThread - futures_list len: 9 
11:19:45 DEBUG: __main__ - download_all - 140312645539648 - MainThread - futures_list len: 10 
11:19:45 DEBUG: __main__ - download_all - 140312645539648 - MainThread - futures_list len: 11 
11:19:48 DEBUG: __main__ - download_all - 140312645539648 - MainThread - result: Download busy: https://www.youtube.com/watch?v=v2r2riGruPM 
11:19:48 DEBUG: __main__ - download_all - 140312645539648 - MainThread - result: Download busy: https://www.youtube.com/watch?v=yvxMlQrGLkM 
11:19:48 DEBUG: __main__ - download_all - 140312645539648 - MainThread - result: Download busy: https://www.youtube.com/watch?v=nTasT5h0LEg 
11:19:48 DEBUG: __main__ - download_all - 140312645539648 - MainThread - result: Download busy: https://www.youtube.com/watch?v=7Ht9jkWXqlU 
11:19:49 DEBUG: __main__ - download_all - 140312645539648 - MainThread - result: Download busy: https://www.youtube.com/watch?v=84U5NlBOD64 
11:19:49 DEBUG: __main__ - download_all - 140312645539648 - MainThread - result: Download busy: https://www.youtube.com/watch?v=q9MAIwJMc1U 
11:19:49 DEBUG: __main__ - download_all - 140312645539648 - MainThread - result: Download busy: https://www.youtube.com/watch?v=ya6yw7RPjGg 
11:19:50 DEBUG: __main__ - download_all - 140312645539648 - MainThread - result: Download busy: https://www.youtube.com/watch?v=ALZmCy2u0jQ 
11:19:50 DEBUG: __main__ - download_all - 140312645539648 - MainThread - result: Download busy: https://www.youtube.com/watch?v=qVpWpfD27mM 
11:19:50 DEBUG: __main__ - download_all - 140312645539648 - MainThread - result: Download busy: https://www.youtube.com/watch?v=d0FV3_i-6WU+ 
11:19:51 DEBUG: __main__ - download_all - 140312645539648 - MainThread - result: Download busy: https://www.youtube.com/watch?v=qVpWpfD27mM 
11:19:51 INFO: __main__ - download_all - 140312645539648 - MainThread - Result: Download busy: https://www.youtube.com/watch?v=v2r2riGruPM

11:19:51 INFO: __main__ - download_all - 140312645539648 - MainThread - Result: Download busy: https://www.youtube.com/watch?v=yvxMlQrGLkM

11:19:51 INFO: __main__ - download_all - 140312645539648 - MainThread - Result: Download busy: https://www.youtube.com/watch?v=nTasT5h0LEg

11:19:51 INFO: __main__ - download_all - 140312645539648 - MainThread - Result: Download busy: https://www.youtube.com/watch?v=7Ht9jkWXqlU

11:19:51 INFO: __main__ - download_all - 140312645539648 - MainThread - Result: Download busy: https://www.youtube.com/watch?v=84U5NlBOD64

11:19:51 INFO: __main__ - download_all - 140312645539648 - MainThread - Result: Download busy: https://www.youtube.com/watch?v=q9MAIwJMc1U

11:19:51 INFO: __main__ - download_all - 140312645539648 - MainThread - Result: Download busy: https://www.youtube.com/watch?v=ya6yw7RPjGg

11:19:51 INFO: __main__ - download_all - 140312645539648 - MainThread - Result: Download busy: https://www.youtube.com/watch?v=ALZmCy2u0jQ

11:19:51 INFO: __main__ - download_all - 140312645539648 - MainThread - Result: Download busy: https://www.youtube.com/watch?v=qVpWpfD27mM

11:19:51 INFO: __main__ - download_all - 140312645539648 - MainThread - Result: Download busy: https://www.youtube.com/watch?v=d0FV3_i-6WU+

11:19:51 INFO: __main__ - download_all - 140312645539648 - MainThread - Result: Download busy: https://www.youtube.com/watch?v=qVpWpfD27mM

11:19:51 DEBUG: __main__ - download_all - 140312645539648 - MainThread - Done

11:23:02 DEBUG: __main__ - download_all - 140532757993280 - MainThread - futures_list len: 1 
11:23:02 DEBUG: __main__ - download_all - 140532757993280 - MainThread - futures_list len: 2 
11:23:02 DEBUG: __main__ - download_all - 140532757993280 - MainThread - futures_list len: 3 
11:23:02 DEBUG: __main__ - download_all - 140532757993280 - MainThread - futures_list len: 4 
11:23:02 DEBUG: __main__ - download_all - 140532757993280 - MainThread - futures_list len: 5 
11:23:03 DEBUG: __main__ - download_all - 140532757993280 - MainThread - futures_list len: 6 
11:23:03 DEBUG: __main__ - download_all - 140532757993280 - MainThread - futures_list len: 7 
11:23:03 DEBUG: __main__ - download_all - 140532757993280 - MainThread - futures_list len: 8 
11:23:03 DEBUG: __main__ - download_all - 140532757993280 - MainThread - futures_list len: 9 
11:23:03 DEBUG: __main__ - download_all - 140532757993280 - MainThread - futures_list len: 10 
11:23:03 DEBUG: __main__ - download_all - 140532757993280 - MainThread - futures_list len: 11 
11:23:06 DEBUG: __main__ - download_all - 140532757993280 - MainThread - result: Download busy: https://www.youtube.com/watch?v=v2r2riGruPM 
11:23:06 DEBUG: __main__ - download_all - 140532757993280 - MainThread - result: Download busy: https://www.youtube.com/watch?v=yvxMlQrGLkM 
11:23:06 DEBUG: __main__ - download_all - 140532757993280 - MainThread - result: Download busy: https://www.youtube.com/watch?v=nTasT5h0LEg 
11:23:06 DEBUG: __main__ - download_all - 140532757993280 - MainThread - result: Download busy: https://www.youtube.com/watch?v=7Ht9jkWXqlU 
11:23:06 DEBUG: __main__ - download_all - 140532757993280 - MainThread - result: Download busy: https://www.youtube.com/watch?v=84U5NlBOD64 
11:23:07 DEBUG: __main__ - download_all - 140532757993280 - MainThread - result: Download busy: https://www.youtube.com/watch?v=q9MAIwJMc1U 
11:23:07 DEBUG: __main__ - download_all - 140532757993280 - MainThread - result: Download busy: https://www.youtube.com/watch?v=ya6yw7RPjGg 
11:23:07 DEBUG: __main__ - download_all - 140532757993280 - MainThread - result: Download busy: https://www.youtube.com/watch?v=ALZmCy2u0jQ 
11:23:08 DEBUG: __main__ - download_all - 140532757993280 - MainThread - result: Download busy: https://www.youtube.com/watch?v=qVpWpfD27mM 
11:23:08 DEBUG: __main__ - download_all - 140532757993280 - MainThread - result: Download busy: https://www.youtube.com/watch?v=d0FV3_i-6WU+ 
11:23:08 DEBUG: __main__ - download_all - 140532757993280 - MainThread - result: Download busy: https://www.youtube.com/watch?v=qVpWpfD27mM 
11:23:08 INFO: __main__ - download_all - 140532757993280 - MainThread - Result: Download busy: https://www.youtube.com/watch?v=v2r2riGruPM

11:23:08 INFO: __main__ - download_all - 140532757993280 - MainThread - Result: Download busy: https://www.youtube.com/watch?v=yvxMlQrGLkM

11:23:08 INFO: __main__ - download_all - 140532757993280 - MainThread - Result: Download busy: https://www.youtube.com/watch?v=nTasT5h0LEg

11:23:08 INFO: __main__ - download_all - 140532757993280 - MainThread - Result: Download busy: https://www.youtube.com/watch?v=7Ht9jkWXqlU

11:23:08 INFO: __main__ - download_all - 140532757993280 - MainThread - Result: Download busy: https://www.youtube.com/watch?v=84U5NlBOD64

11:23:08 INFO: __main__ - download_all - 140532757993280 - MainThread - Result: Download busy: https://www.youtube.com/watch?v=q9MAIwJMc1U

11:23:08 INFO: __main__ - download_all - 140532757993280 - MainThread - Result: Download busy: https://www.youtube.com/watch?v=ya6yw7RPjGg

11:23:08 INFO: __main__ - download_all - 140532757993280 - MainThread - Result: Download busy: https://www.youtube.com/watch?v=ALZmCy2u0jQ

11:23:08 INFO: __main__ - download_all - 140532757993280 - MainThread - Result: Download busy: https://www.youtube.com/watch?v=qVpWpfD27mM

11:23:08 INFO: __main__ - download_all - 140532757993280 - MainThread - Result: Download busy: https://www.youtube.com/watch?v=d0FV3_i-6WU+

11:23:08 INFO: __main__ - download_all - 140532757993280 - MainThread - Result: Download busy: https://www.youtube.com/watch?v=qVpWpfD27mM

11:23:08 DEBUG: __main__ - download_all - 140532757993280 - MainThread - Done

